<?xml version="1.0" encoding="UTF-8"?>
<testng-results skipped="0" failed="0" ignored="0" total="15" passed="15">
  <reporter-output>
  </reporter-output>
  <suite name="Suite" duration-ms="47990" started-at="2018-11-16T11:43:54Z" finished-at="2018-11-16T11:44:42Z">
    <groups>
    </groups>
    <test name="Test" duration-ms="47990" started-at="2018-11-16T11:43:54Z" finished-at="2018-11-16T11:44:42Z">
      <class name="restAssuredApi.ApiPostTest">
        <test-method status="PASS" signature="postTest(java.lang.String)[pri:0, instance:restAssuredApi.ApiPostTest@5e5792a0]" name="postTest" duration-ms="4265" started-at="2018-11-16T11:43:54Z" data-provider="dataset" finished-at="2018-11-16T11:43:59Z">
          <params>
            <param index="0">
              <value>
                <![CDATA[{"PARTNER":"Test drive6","TITLE_MEDI":"Ms.","MOB_NUMBER":"9739865868","NAME_LAST":"Saha","NAME_FIRST":"Aritra","STATUS_TYPE":"i"}]]>
              </value>
            </param>
          </params>
          <reporter-output>
          </reporter-output>
        </test-method> <!-- postTest -->
        <test-method status="PASS" signature="postTest(java.lang.String)[pri:0, instance:restAssuredApi.ApiPostTest@5e5792a0]" name="postTest" duration-ms="3100" started-at="2018-11-16T11:43:59Z" data-provider="dataset" finished-at="2018-11-16T11:44:02Z">
          <params>
            <param index="0">
              <value>
                <![CDATA[{"PARTNER":"Test drive6","TITLE_MEDI":"Ms.","MOB_NUMBER":"9739865868","NAME_LAST":"Saha","NAME_FIRST":"Aritra","STATUS_TYPE":"u"}]]>
              </value>
            </param>
          </params>
          <reporter-output>
          </reporter-output>
        </test-method> <!-- postTest -->
        <test-method status="PASS" signature="postTest(java.lang.String)[pri:0, instance:restAssuredApi.ApiPostTest@5e5792a0]" name="postTest" duration-ms="3109" started-at="2018-11-16T11:44:02Z" data-provider="dataset" finished-at="2018-11-16T11:44:05Z">
          <params>
            <param index="0">
              <value>
                <![CDATA[{"PARTNER":"Test drive6","TITLE_MEDI":"Ms.","MOB_NUMBER":"9739865868","NAME_LAST":"Saha","NAME_FIRST":"Aritra","STATUS_TYPE":"d"}]]>
              </value>
            </param>
          </params>
          <reporter-output>
          </reporter-output>
        </test-method> <!-- postTest -->
        <test-method status="PASS" signature="postTest(java.lang.String)[pri:0, instance:restAssuredApi.ApiPostTest@5e5792a0]" name="postTest" duration-ms="3083" started-at="2018-11-16T11:44:05Z" data-provider="dataset" finished-at="2018-11-16T11:44:08Z">
          <params>
            <param index="0">
              <value>
                <![CDATA[{"PARTNER":"Test drive6","TITLE_MEDI":"Ms.","MOB_NUMBER":"9739865868","NAME_LAST":"Saha","NAME_FIRST":"Aritra","STATUS_TYPE":"i"}]]>
              </value>
            </param>
          </params>
          <reporter-output>
          </reporter-output>
        </test-method> <!-- postTest -->
        <test-method status="PASS" signature="postTest(java.lang.String)[pri:0, instance:restAssuredApi.ApiPostTest@5e5792a0]" name="postTest" duration-ms="3144" started-at="2018-11-16T11:44:08Z" data-provider="dataset" finished-at="2018-11-16T11:44:11Z">
          <params>
            <param index="0">
              <value>
                <![CDATA[{"PARTNER":"Test drive6","TITLE_MEDI":"Ms.","MOB_NUMBER":"9739865868","NAME_LAST":"Saha","NAME_FIRST":"Aritra","STATUS_TYPE":"u"}]]>
              </value>
            </param>
          </params>
          <reporter-output>
          </reporter-output>
        </test-method> <!-- postTest -->
        <test-method status="PASS" signature="postTest(java.lang.String)[pri:0, instance:restAssuredApi.ApiPostTest@5e5792a0]" name="postTest" duration-ms="3162" started-at="2018-11-16T11:44:11Z" data-provider="dataset" finished-at="2018-11-16T11:44:14Z">
          <params>
            <param index="0">
              <value>
                <![CDATA[{"PARTNER":"Test drive6","TITLE_MEDI":"Ms.","MOB_NUMBER":"9739865868","NAME_LAST":"Saha","NAME_FIRST":"Aritra","STATUS_TYPE":"d"}]]>
              </value>
            </param>
          </params>
          <reporter-output>
          </reporter-output>
        </test-method> <!-- postTest -->
        <test-method status="PASS" signature="postTest(java.lang.String)[pri:0, instance:restAssuredApi.ApiPostTest@5e5792a0]" name="postTest" duration-ms="3085" started-at="2018-11-16T11:44:14Z" data-provider="dataset" finished-at="2018-11-16T11:44:17Z">
          <params>
            <param index="0">
              <value>
                <![CDATA[{"PARTNER":"Test drive6","TITLE_MEDI":"Ms.","MOB_NUMBER":"9739865868","NAME_LAST":"Saha","NAME_FIRST":"Aritra","STATUS_TYPE":"i"}]]>
              </value>
            </param>
          </params>
          <reporter-output>
          </reporter-output>
        </test-method> <!-- postTest -->
        <test-method status="PASS" signature="postTest(java.lang.String)[pri:0, instance:restAssuredApi.ApiPostTest@5e5792a0]" name="postTest" duration-ms="3134" started-at="2018-11-16T11:44:17Z" data-provider="dataset" finished-at="2018-11-16T11:44:20Z">
          <params>
            <param index="0">
              <value>
                <![CDATA[{"PARTNER":"Test drive6","TITLE_MEDI":"Ms.","MOB_NUMBER":"9739865868","NAME_LAST":"Saha","NAME_FIRST":"Aritra","STATUS_TYPE":"u"}]]>
              </value>
            </param>
          </params>
          <reporter-output>
          </reporter-output>
        </test-method> <!-- postTest -->
        <test-method status="PASS" signature="postTest(java.lang.String)[pri:0, instance:restAssuredApi.ApiPostTest@5e5792a0]" name="postTest" duration-ms="3103" started-at="2018-11-16T11:44:20Z" data-provider="dataset" finished-at="2018-11-16T11:44:24Z">
          <params>
            <param index="0">
              <value>
                <![CDATA[{"PARTNER":"Test drive6","TITLE_MEDI":"Ms.","MOB_NUMBER":"9739865868","NAME_LAST":"Saha","NAME_FIRST":"Aritra","STATUS_TYPE":"d"}]]>
              </value>
            </param>
          </params>
          <reporter-output>
          </reporter-output>
        </test-method> <!-- postTest -->
        <test-method status="PASS" signature="postTest(java.lang.String)[pri:0, instance:restAssuredApi.ApiPostTest@5e5792a0]" name="postTest" duration-ms="3082" started-at="2018-11-16T11:44:24Z" data-provider="dataset" finished-at="2018-11-16T11:44:27Z">
          <params>
            <param index="0">
              <value>
                <![CDATA[{"PARTNER":"Test drive6","TITLE_MEDI":"Ms.","MOB_NUMBER":"9739865868","NAME_LAST":"Saha","NAME_FIRST":"Aritra","STATUS_TYPE":"i"}]]>
              </value>
            </param>
          </params>
          <reporter-output>
          </reporter-output>
        </test-method> <!-- postTest -->
        <test-method status="PASS" signature="postTest(java.lang.String)[pri:0, instance:restAssuredApi.ApiPostTest@5e5792a0]" name="postTest" duration-ms="3120" started-at="2018-11-16T11:44:27Z" data-provider="dataset" finished-at="2018-11-16T11:44:30Z">
          <params>
            <param index="0">
              <value>
                <![CDATA[{"PARTNER":"Test drive6","TITLE_MEDI":"Ms.","MOB_NUMBER":"9739865868","NAME_LAST":"Saha","NAME_FIRST":"Aritra","STATUS_TYPE":"u"}]]>
              </value>
            </param>
          </params>
          <reporter-output>
          </reporter-output>
        </test-method> <!-- postTest -->
        <test-method status="PASS" signature="postTest(java.lang.String)[pri:0, instance:restAssuredApi.ApiPostTest@5e5792a0]" name="postTest" duration-ms="3090" started-at="2018-11-16T11:44:30Z" data-provider="dataset" finished-at="2018-11-16T11:44:33Z">
          <params>
            <param index="0">
              <value>
                <![CDATA[{"PARTNER":"Test drive6","TITLE_MEDI":"Ms.","MOB_NUMBER":"9739865868","NAME_LAST":"Saha","NAME_FIRST":"Aritra","STATUS_TYPE":"d"}]]>
              </value>
            </param>
          </params>
          <reporter-output>
          </reporter-output>
        </test-method> <!-- postTest -->
        <test-method status="PASS" signature="postTest(java.lang.String)[pri:0, instance:restAssuredApi.ApiPostTest@5e5792a0]" name="postTest" duration-ms="3102" started-at="2018-11-16T11:44:33Z" data-provider="dataset" finished-at="2018-11-16T11:44:36Z">
          <params>
            <param index="0">
              <value>
                <![CDATA[{"PARTNER":"Test drive6","TITLE_MEDI":"Ms.","MOB_NUMBER":"9739865868","NAME_LAST":"Saha","NAME_FIRST":"Aritra","STATUS_TYPE":"i"}]]>
              </value>
            </param>
          </params>
          <reporter-output>
          </reporter-output>
        </test-method> <!-- postTest -->
        <test-method status="PASS" signature="postTest(java.lang.String)[pri:0, instance:restAssuredApi.ApiPostTest@5e5792a0]" name="postTest" duration-ms="3110" started-at="2018-11-16T11:44:36Z" data-provider="dataset" finished-at="2018-11-16T11:44:39Z">
          <params>
            <param index="0">
              <value>
                <![CDATA[{"PARTNER":"Test drive6","TITLE_MEDI":"Ms.","MOB_NUMBER":"9739865868","NAME_LAST":"Saha","NAME_FIRST":"Aritra","STATUS_TYPE":"u"}]]>
              </value>
            </param>
          </params>
          <reporter-output>
          </reporter-output>
        </test-method> <!-- postTest -->
        <test-method status="PASS" signature="postTest(java.lang.String)[pri:0, instance:restAssuredApi.ApiPostTest@5e5792a0]" name="postTest" duration-ms="3084" started-at="2018-11-16T11:44:39Z" data-provider="dataset" finished-at="2018-11-16T11:44:42Z">
          <params>
            <param index="0">
              <value>
                <![CDATA[{"PARTNER":"Test drive6","TITLE_MEDI":"Ms.","MOB_NUMBER":"9739865868","NAME_LAST":"Saha","NAME_FIRST":"Aritra","STATUS_TYPE":"d"}]]>
              </value>
            </param>
          </params>
          <reporter-output>
          </reporter-output>
        </test-method> <!-- postTest -->
      </class> <!-- restAssuredApi.ApiPostTest -->
    </test> <!-- Test -->
  </suite> <!-- Suite -->
</testng-results>
