<?xml version="1.0" encoding="UTF-8"?>
<!-- Generated by org.testng.reporters.JUnitXMLReporter -->
<testsuite hostname="T4ublrlpusr093" ignored="0" name="Test1(failed)" tests="100" failures="20" timestamp="10 Oct 2018 09:39:03 GMT" time="425.635" errors="0">
  <testcase name="postTest" time="9.65" classname="restAssuredApi.ApiPostTest">
    <failure type="java.lang.AssertionError" message="expected [200] but found [503]">
      <![CDATA[java.lang.AssertionError: expected [200] but found [503]
at restAssuredApi.ApiPostTest.postTest(ApiPostTest.java:41)
... Removed 31 stack frames]]>
    </failure>
  </testcase> <!-- postTest -->
  <testcase name="postTest" time="3.13" classname="restAssuredApi.ApiPostTest"/>
  <testcase name="postTest" time="3.096" classname="restAssuredApi.ApiPostTest"/>
  <testcase name="postTest" time="3.146" classname="restAssuredApi.ApiPostTest"/>
  <testcase name="postTest" time="3.088" classname="restAssuredApi.ApiPostTest"/>
  <testcase name="postTest" time="3.101" classname="restAssuredApi.ApiPostTest"/>
  <testcase name="postTest" time="3.099" classname="restAssuredApi.ApiPostTest"/>
  <testcase name="postTest" time="8.701" classname="restAssuredApi.ApiPostTest">
    <failure type="java.lang.AssertionError" message="expected [200] but found [503]">
      <![CDATA[java.lang.AssertionError: expected [200] but found [503]
at restAssuredApi.ApiPostTest.postTest(ApiPostTest.java:41)
... Removed 31 stack frames]]>
    </failure>
  </testcase> <!-- postTest -->
  <testcase name="postTest" time="3.095" classname="restAssuredApi.ApiPostTest"/>
  <testcase name="postTest" time="3.092" classname="restAssuredApi.ApiPostTest"/>
  <testcase name="postTest" time="3.107" classname="restAssuredApi.ApiPostTest"/>
  <testcase name="postTest" time="3.11" classname="restAssuredApi.ApiPostTest"/>
  <testcase name="postTest" time="3.098" classname="restAssuredApi.ApiPostTest"/>
  <testcase name="postTest" time="8.709" classname="restAssuredApi.ApiPostTest">
    <failure type="java.lang.AssertionError" message="expected [200] but found [503]">
      <![CDATA[java.lang.AssertionError: expected [200] but found [503]
at restAssuredApi.ApiPostTest.postTest(ApiPostTest.java:41)
... Removed 31 stack frames]]>
    </failure>
  </testcase> <!-- postTest -->
  <testcase name="postTest" time="3.08" classname="restAssuredApi.ApiPostTest"/>
  <testcase name="postTest" time="3.103" classname="restAssuredApi.ApiPostTest"/>
  <testcase name="postTest" time="8.712" classname="restAssuredApi.ApiPostTest">
    <failure type="java.lang.AssertionError" message="expected [200] but found [503]">
      <![CDATA[java.lang.AssertionError: expected [200] but found [503]
at restAssuredApi.ApiPostTest.postTest(ApiPostTest.java:41)
... Removed 30 stack frames]]>
    </failure>
  </testcase> <!-- postTest -->
  <testcase name="postTest" time="3.087" classname="restAssuredApi.ApiPostTest"/>
  <testcase name="postTest" time="3.089" classname="restAssuredApi.ApiPostTest"/>
  <testcase name="postTest" time="3.08" classname="restAssuredApi.ApiPostTest"/>
  <testcase name="postTest" time="3.078" classname="restAssuredApi.ApiPostTest"/>
  <testcase name="postTest" time="3.089" classname="restAssuredApi.ApiPostTest"/>
  <testcase name="postTest" time="3.088" classname="restAssuredApi.ApiPostTest"/>
  <testcase name="postTest" time="8.723" classname="restAssuredApi.ApiPostTest">
    <failure type="java.lang.AssertionError" message="expected [200] but found [503]">
      <![CDATA[java.lang.AssertionError: expected [200] but found [503]
at restAssuredApi.ApiPostTest.postTest(ApiPostTest.java:41)
... Removed 30 stack frames]]>
    </failure>
  </testcase> <!-- postTest -->
  <testcase name="postTest" time="3.078" classname="restAssuredApi.ApiPostTest"/>
  <testcase name="postTest" time="3.081" classname="restAssuredApi.ApiPostTest"/>
  <testcase name="postTest" time="3.084" classname="restAssuredApi.ApiPostTest"/>
  <testcase name="postTest" time="3.103" classname="restAssuredApi.ApiPostTest"/>
  <testcase name="postTest" time="3.093" classname="restAssuredApi.ApiPostTest"/>
  <testcase name="postTest" time="3.087" classname="restAssuredApi.ApiPostTest"/>
  <testcase name="postTest" time="3.076" classname="restAssuredApi.ApiPostTest"/>
  <testcase name="postTest" time="3.144" classname="restAssuredApi.ApiPostTest"/>
  <testcase name="postTest" time="3.082" classname="restAssuredApi.ApiPostTest"/>
  <testcase name="postTest" time="8.7" classname="restAssuredApi.ApiPostTest">
    <failure type="java.lang.AssertionError" message="expected [200] but found [503]">
      <![CDATA[java.lang.AssertionError: expected [200] but found [503]
at restAssuredApi.ApiPostTest.postTest(ApiPostTest.java:41)
... Removed 30 stack frames]]>
    </failure>
  </testcase> <!-- postTest -->
  <testcase name="postTest" time="3.083" classname="restAssuredApi.ApiPostTest"/>
  <testcase name="postTest" time="3.081" classname="restAssuredApi.ApiPostTest"/>
  <testcase name="postTest" time="3.086" classname="restAssuredApi.ApiPostTest"/>
  <testcase name="postTest" time="8.699" classname="restAssuredApi.ApiPostTest">
    <failure type="java.lang.AssertionError" message="expected [200] but found [503]">
      <![CDATA[java.lang.AssertionError: expected [200] but found [503]
at restAssuredApi.ApiPostTest.postTest(ApiPostTest.java:41)
... Removed 30 stack frames]]>
    </failure>
  </testcase> <!-- postTest -->
  <testcase name="postTest" time="3.079" classname="restAssuredApi.ApiPostTest"/>
  <testcase name="postTest" time="3.095" classname="restAssuredApi.ApiPostTest"/>
  <testcase name="postTest" time="3.095" classname="restAssuredApi.ApiPostTest"/>
  <testcase name="postTest" time="3.09" classname="restAssuredApi.ApiPostTest"/>
  <testcase name="postTest" time="3.088" classname="restAssuredApi.ApiPostTest"/>
  <testcase name="postTest" time="3.084" classname="restAssuredApi.ApiPostTest"/>
  <testcase name="postTest" time="3.079" classname="restAssuredApi.ApiPostTest"/>
  <testcase name="postTest" time="3.084" classname="restAssuredApi.ApiPostTest"/>
  <testcase name="postTest" time="6.085" classname="restAssuredApi.ApiPostTest"/>
  <testcase name="postTest" time="3.083" classname="restAssuredApi.ApiPostTest"/>
  <testcase name="postTest" time="8.698" classname="restAssuredApi.ApiPostTest">
    <failure type="java.lang.AssertionError" message="expected [200] but found [503]">
      <![CDATA[java.lang.AssertionError: expected [200] but found [503]
at restAssuredApi.ApiPostTest.postTest(ApiPostTest.java:41)
... Removed 30 stack frames]]>
    </failure>
  </testcase> <!-- postTest -->
  <testcase name="postTest" time="8.741" classname="restAssuredApi.ApiPostTest">
    <failure type="java.lang.AssertionError" message="expected [200] but found [503]">
      <![CDATA[java.lang.AssertionError: expected [200] but found [503]
at restAssuredApi.ApiPostTest.postTest(ApiPostTest.java:41)
... Removed 30 stack frames]]>
    </failure>
  </testcase> <!-- postTest -->
  <testcase name="postTest" time="3.08" classname="restAssuredApi.ApiPostTest"/>
  <testcase name="postTest" time="3.095" classname="restAssuredApi.ApiPostTest"/>
  <testcase name="postTest" time="3.087" classname="restAssuredApi.ApiPostTest"/>
  <testcase name="postTest" time="3.078" classname="restAssuredApi.ApiPostTest"/>
  <testcase name="postTest" time="3.09" classname="restAssuredApi.ApiPostTest"/>
  <testcase name="postTest" time="3.087" classname="restAssuredApi.ApiPostTest"/>
  <testcase name="postTest" time="3.126" classname="restAssuredApi.ApiPostTest"/>
  <testcase name="postTest" time="3.087" classname="restAssuredApi.ApiPostTest"/>
  <testcase name="postTest" time="3.082" classname="restAssuredApi.ApiPostTest"/>
  <testcase name="postTest" time="3.083" classname="restAssuredApi.ApiPostTest"/>
  <testcase name="postTest" time="3.084" classname="restAssuredApi.ApiPostTest"/>
  <testcase name="postTest" time="8.674" classname="restAssuredApi.ApiPostTest">
    <failure type="java.lang.AssertionError" message="expected [200] but found [503]">
      <![CDATA[java.lang.AssertionError: expected [200] but found [503]
at restAssuredApi.ApiPostTest.postTest(ApiPostTest.java:41)
... Removed 30 stack frames]]>
    </failure>
  </testcase> <!-- postTest -->
  <testcase name="postTest" time="3.08" classname="restAssuredApi.ApiPostTest"/>
  <testcase name="postTest" time="3.079" classname="restAssuredApi.ApiPostTest"/>
  <testcase name="postTest" time="3.09" classname="restAssuredApi.ApiPostTest"/>
  <testcase name="postTest" time="8.701" classname="restAssuredApi.ApiPostTest">
    <failure type="java.lang.AssertionError" message="expected [200] but found [503]">
      <![CDATA[java.lang.AssertionError: expected [200] but found [503]
at restAssuredApi.ApiPostTest.postTest(ApiPostTest.java:41)
... Removed 30 stack frames]]>
    </failure>
  </testcase> <!-- postTest -->
  <testcase name="postTest" time="8.703" classname="restAssuredApi.ApiPostTest">
    <failure type="java.lang.AssertionError" message="expected [200] but found [503]">
      <![CDATA[java.lang.AssertionError: expected [200] but found [503]
at restAssuredApi.ApiPostTest.postTest(ApiPostTest.java:41)
... Removed 30 stack frames]]>
    </failure>
  </testcase> <!-- postTest -->
  <testcase name="postTest" time="3.074" classname="restAssuredApi.ApiPostTest"/>
  <testcase name="postTest" time="3.08" classname="restAssuredApi.ApiPostTest"/>
  <testcase name="postTest" time="8.699" classname="restAssuredApi.ApiPostTest">
    <failure type="java.lang.AssertionError" message="expected [200] but found [503]">
      <![CDATA[java.lang.AssertionError: expected [200] but found [503]
at restAssuredApi.ApiPostTest.postTest(ApiPostTest.java:41)
... Removed 30 stack frames]]>
    </failure>
  </testcase> <!-- postTest -->
  <testcase name="postTest" time="8.707" classname="restAssuredApi.ApiPostTest">
    <failure type="java.lang.AssertionError" message="expected [200] but found [503]">
      <![CDATA[java.lang.AssertionError: expected [200] but found [503]
at restAssuredApi.ApiPostTest.postTest(ApiPostTest.java:41)
... Removed 30 stack frames]]>
    </failure>
  </testcase> <!-- postTest -->
  <testcase name="postTest" time="3.087" classname="restAssuredApi.ApiPostTest"/>
  <testcase name="postTest" time="3.074" classname="restAssuredApi.ApiPostTest"/>
  <testcase name="postTest" time="3.087" classname="restAssuredApi.ApiPostTest"/>
  <testcase name="postTest" time="8.709" classname="restAssuredApi.ApiPostTest">
    <failure type="java.lang.AssertionError" message="expected [200] but found [503]">
      <![CDATA[java.lang.AssertionError: expected [200] but found [503]
at restAssuredApi.ApiPostTest.postTest(ApiPostTest.java:41)
... Removed 30 stack frames]]>
    </failure>
  </testcase> <!-- postTest -->
  <testcase name="postTest" time="3.077" classname="restAssuredApi.ApiPostTest"/>
  <testcase name="postTest" time="3.084" classname="restAssuredApi.ApiPostTest"/>
  <testcase name="postTest" time="3.091" classname="restAssuredApi.ApiPostTest"/>
  <testcase name="postTest" time="3.101" classname="restAssuredApi.ApiPostTest"/>
  <testcase name="postTest" time="3.085" classname="restAssuredApi.ApiPostTest"/>
  <testcase name="postTest" time="8.712" classname="restAssuredApi.ApiPostTest">
    <failure type="java.lang.AssertionError" message="expected [200] but found [503]">
      <![CDATA[java.lang.AssertionError: expected [200] but found [503]
at restAssuredApi.ApiPostTest.postTest(ApiPostTest.java:41)
... Removed 30 stack frames]]>
    </failure>
  </testcase> <!-- postTest -->
  <testcase name="postTest" time="3.079" classname="restAssuredApi.ApiPostTest"/>
  <testcase name="postTest" time="3.082" classname="restAssuredApi.ApiPostTest"/>
  <testcase name="postTest" time="3.103" classname="restAssuredApi.ApiPostTest"/>
  <testcase name="postTest" time="3.078" classname="restAssuredApi.ApiPostTest"/>
  <testcase name="postTest" time="3.084" classname="restAssuredApi.ApiPostTest"/>
  <testcase name="postTest" time="3.078" classname="restAssuredApi.ApiPostTest"/>
  <testcase name="postTest" time="8.689" classname="restAssuredApi.ApiPostTest">
    <failure type="java.lang.AssertionError" message="expected [200] but found [503]">
      <![CDATA[java.lang.AssertionError: expected [200] but found [503]
at restAssuredApi.ApiPostTest.postTest(ApiPostTest.java:41)
... Removed 30 stack frames]]>
    </failure>
  </testcase> <!-- postTest -->
  <testcase name="postTest" time="8.737" classname="restAssuredApi.ApiPostTest">
    <failure type="java.lang.AssertionError" message="expected [200] but found [503]">
      <![CDATA[java.lang.AssertionError: expected [200] but found [503]
at restAssuredApi.ApiPostTest.postTest(ApiPostTest.java:41)
... Removed 30 stack frames]]>
    </failure>
  </testcase> <!-- postTest -->
  <testcase name="postTest" time="8.697" classname="restAssuredApi.ApiPostTest">
    <failure type="java.lang.AssertionError" message="expected [200] but found [503]">
      <![CDATA[java.lang.AssertionError: expected [200] but found [503]
at restAssuredApi.ApiPostTest.postTest(ApiPostTest.java:41)
... Removed 30 stack frames]]>
    </failure>
  </testcase> <!-- postTest -->
  <testcase name="postTest" time="3.076" classname="restAssuredApi.ApiPostTest"/>
  <testcase name="postTest" time="3.082" classname="restAssuredApi.ApiPostTest"/>
  <testcase name="postTest" time="3.082" classname="restAssuredApi.ApiPostTest"/>
  <testcase name="postTest" time="3.09" classname="restAssuredApi.ApiPostTest"/>
  <testcase name="postTest" time="3.074" classname="restAssuredApi.ApiPostTest"/>
  <testcase name="postTest" time="3.087" classname="restAssuredApi.ApiPostTest"/>
  <testcase name="postTest" time="3.088" classname="restAssuredApi.ApiPostTest"/>
  <testcase name="postTest" time="3.091" classname="restAssuredApi.ApiPostTest"/>
  <testcase name="postTest" time="8.703" classname="restAssuredApi.ApiPostTest">
    <failure type="java.lang.AssertionError" message="expected [200] but found [503]">
      <![CDATA[java.lang.AssertionError: expected [200] but found [503]
at restAssuredApi.ApiPostTest.postTest(ApiPostTest.java:41)
... Removed 30 stack frames]]>
    </failure>
  </testcase> <!-- postTest -->
  <testcase name="postTest" time="3.088" classname="restAssuredApi.ApiPostTest"/>
</testsuite> <!-- Test1(failed) -->
