<?xml version="1.0" encoding="UTF-8"?>
<!-- Generated by org.testng.reporters.JUnitXMLReporter -->
<testsuite hostname="T4ublrlpusr093" ignored="0" name="Test" tests="15" failures="0" timestamp="16 Nov 2018 11:44:42 GMT" time="47.99" errors="0">
  <testcase name="postTest" time="4.265" classname="restAssuredApi.ApiPostTest"/>
  <testcase name="postTest" time="3.1" classname="restAssuredApi.ApiPostTest"/>
  <testcase name="postTest" time="3.109" classname="restAssuredApi.ApiPostTest"/>
  <testcase name="postTest" time="3.083" classname="restAssuredApi.ApiPostTest"/>
  <testcase name="postTest" time="3.144" classname="restAssuredApi.ApiPostTest"/>
  <testcase name="postTest" time="3.162" classname="restAssuredApi.ApiPostTest"/>
  <testcase name="postTest" time="3.085" classname="restAssuredApi.ApiPostTest"/>
  <testcase name="postTest" time="3.134" classname="restAssuredApi.ApiPostTest"/>
  <testcase name="postTest" time="3.103" classname="restAssuredApi.ApiPostTest"/>
  <testcase name="postTest" time="3.082" classname="restAssuredApi.ApiPostTest"/>
  <testcase name="postTest" time="3.12" classname="restAssuredApi.ApiPostTest"/>
  <testcase name="postTest" time="3.09" classname="restAssuredApi.ApiPostTest"/>
  <testcase name="postTest" time="3.102" classname="restAssuredApi.ApiPostTest"/>
  <testcase name="postTest" time="3.11" classname="restAssuredApi.ApiPostTest"/>
  <testcase name="postTest" time="3.084" classname="restAssuredApi.ApiPostTest"/>
</testsuite> <!-- Test -->
