<?xml version="1.0" encoding="UTF-8"?>
<!-- Generated by org.testng.reporters.JUnitXMLReporter -->
<testsuite hostname="T4ublrlpusr093" ignored="0" name="Test1" tests="150" failures="12" timestamp="10 Oct 2018 09:19:47 GMT" time="99.389" errors="0">
  <testcase name="postTest" time="6.64" classname="restAssuredApi.ApiPostTest">
    <failure type="java.lang.AssertionError" message="expected [200] but found [503]">
      <![CDATA[java.lang.AssertionError: expected [200] but found [503]
at restAssuredApi.ApiPostTest.postTest(ApiPostTest.java:39)
... Removed 31 stack frames]]>
    </failure>
  </testcase> <!-- postTest -->
  <testcase name="postTest" time="0.086" classname="restAssuredApi.ApiPostTest"/>
  <testcase name="postTest" time="5.712" classname="restAssuredApi.ApiPostTest">
    <failure type="java.lang.AssertionError" message="expected [200] but found [503]">
      <![CDATA[java.lang.AssertionError: expected [200] but found [503]
at restAssuredApi.ApiPostTest.postTest(ApiPostTest.java:39)
... Removed 31 stack frames]]>
    </failure>
  </testcase> <!-- postTest -->
  <testcase name="postTest" time="0.092" classname="restAssuredApi.ApiPostTest"/>
  <testcase name="postTest" time="0.096" classname="restAssuredApi.ApiPostTest"/>
  <testcase name="postTest" time="0.108" classname="restAssuredApi.ApiPostTest"/>
  <testcase name="postTest" time="0.112" classname="restAssuredApi.ApiPostTest"/>
  <testcase name="postTest" time="0.105" classname="restAssuredApi.ApiPostTest"/>
  <testcase name="postTest" time="0.089" classname="restAssuredApi.ApiPostTest"/>
  <testcase name="postTest" time="0.088" classname="restAssuredApi.ApiPostTest"/>
  <testcase name="postTest" time="0.099" classname="restAssuredApi.ApiPostTest"/>
  <testcase name="postTest" time="0.097" classname="restAssuredApi.ApiPostTest"/>
  <testcase name="postTest" time="0.101" classname="restAssuredApi.ApiPostTest"/>
  <testcase name="postTest" time="0.093" classname="restAssuredApi.ApiPostTest"/>
  <testcase name="postTest" time="0.094" classname="restAssuredApi.ApiPostTest"/>
  <testcase name="postTest" time="0.117" classname="restAssuredApi.ApiPostTest"/>
  <testcase name="postTest" time="0.093" classname="restAssuredApi.ApiPostTest"/>
  <testcase name="postTest" time="5.705" classname="restAssuredApi.ApiPostTest">
    <failure type="java.lang.AssertionError" message="expected [200] but found [503]">
      <![CDATA[java.lang.AssertionError: expected [200] but found [503]
at restAssuredApi.ApiPostTest.postTest(ApiPostTest.java:39)
... Removed 30 stack frames]]>
    </failure>
  </testcase> <!-- postTest -->
  <testcase name="postTest" time="5.702" classname="restAssuredApi.ApiPostTest">
    <failure type="java.lang.AssertionError" message="expected [200] but found [503]">
      <![CDATA[java.lang.AssertionError: expected [200] but found [503]
at restAssuredApi.ApiPostTest.postTest(ApiPostTest.java:39)
... Removed 30 stack frames]]>
    </failure>
  </testcase> <!-- postTest -->
  <testcase name="postTest" time="0.092" classname="restAssuredApi.ApiPostTest"/>
  <testcase name="postTest" time="0.087" classname="restAssuredApi.ApiPostTest"/>
  <testcase name="postTest" time="0.084" classname="restAssuredApi.ApiPostTest"/>
  <testcase name="postTest" time="0.085" classname="restAssuredApi.ApiPostTest"/>
  <testcase name="postTest" time="0.093" classname="restAssuredApi.ApiPostTest"/>
  <testcase name="postTest" time="5.698" classname="restAssuredApi.ApiPostTest">
    <failure type="java.lang.AssertionError" message="expected [200] but found [503]">
      <![CDATA[java.lang.AssertionError: expected [200] but found [503]
at restAssuredApi.ApiPostTest.postTest(ApiPostTest.java:39)
... Removed 30 stack frames]]>
    </failure>
  </testcase> <!-- postTest -->
  <testcase name="postTest" time="5.773" classname="restAssuredApi.ApiPostTest"/>
  <testcase name="postTest" time="0.09" classname="restAssuredApi.ApiPostTest"/>
  <testcase name="postTest" time="0.09" classname="restAssuredApi.ApiPostTest"/>
  <testcase name="postTest" time="0.095" classname="restAssuredApi.ApiPostTest"/>
  <testcase name="postTest" time="5.732" classname="restAssuredApi.ApiPostTest">
    <failure type="java.lang.AssertionError" message="expected [200] but found [503]">
      <![CDATA[java.lang.AssertionError: expected [200] but found [503]
at restAssuredApi.ApiPostTest.postTest(ApiPostTest.java:39)
... Removed 30 stack frames]]>
    </failure>
  </testcase> <!-- postTest -->
  <testcase name="postTest" time="0.089" classname="restAssuredApi.ApiPostTest"/>
  <testcase name="postTest" time="0.089" classname="restAssuredApi.ApiPostTest"/>
  <testcase name="postTest" time="0.099" classname="restAssuredApi.ApiPostTest"/>
  <testcase name="postTest" time="0.082" classname="restAssuredApi.ApiPostTest"/>
  <testcase name="postTest" time="0.092" classname="restAssuredApi.ApiPostTest"/>
  <testcase name="postTest" time="0.081" classname="restAssuredApi.ApiPostTest"/>
  <testcase name="postTest" time="0.09" classname="restAssuredApi.ApiPostTest"/>
  <testcase name="postTest" time="0.087" classname="restAssuredApi.ApiPostTest"/>
  <testcase name="postTest" time="0.089" classname="restAssuredApi.ApiPostTest"/>
  <testcase name="postTest" time="0.083" classname="restAssuredApi.ApiPostTest"/>
  <testcase name="postTest" time="0.091" classname="restAssuredApi.ApiPostTest"/>
  <testcase name="postTest" time="0.084" classname="restAssuredApi.ApiPostTest"/>
  <testcase name="postTest" time="0.085" classname="restAssuredApi.ApiPostTest"/>
  <testcase name="postTest" time="0.098" classname="restAssuredApi.ApiPostTest"/>
  <testcase name="postTest" time="0.099" classname="restAssuredApi.ApiPostTest"/>
  <testcase name="postTest" time="0.084" classname="restAssuredApi.ApiPostTest"/>
  <testcase name="postTest" time="0.075" classname="restAssuredApi.ApiPostTest"/>
  <testcase name="postTest" time="0.081" classname="restAssuredApi.ApiPostTest"/>
  <testcase name="postTest" time="0.078" classname="restAssuredApi.ApiPostTest"/>
  <testcase name="postTest" time="0.084" classname="restAssuredApi.ApiPostTest"/>
  <testcase name="postTest" time="0.098" classname="restAssuredApi.ApiPostTest"/>
  <testcase name="postTest" time="0.087" classname="restAssuredApi.ApiPostTest"/>
  <testcase name="postTest" time="0.079" classname="restAssuredApi.ApiPostTest"/>
  <testcase name="postTest" time="0.088" classname="restAssuredApi.ApiPostTest"/>
  <testcase name="postTest" time="0.092" classname="restAssuredApi.ApiPostTest"/>
  <testcase name="postTest" time="0.092" classname="restAssuredApi.ApiPostTest"/>
  <testcase name="postTest" time="0.081" classname="restAssuredApi.ApiPostTest"/>
  <testcase name="postTest" time="0.075" classname="restAssuredApi.ApiPostTest"/>
  <testcase name="postTest" time="0.092" classname="restAssuredApi.ApiPostTest"/>
  <testcase name="postTest" time="0.096" classname="restAssuredApi.ApiPostTest"/>
  <testcase name="postTest" time="0.083" classname="restAssuredApi.ApiPostTest"/>
  <testcase name="postTest" time="0.087" classname="restAssuredApi.ApiPostTest"/>
  <testcase name="postTest" time="0.086" classname="restAssuredApi.ApiPostTest"/>
  <testcase name="postTest" time="0.087" classname="restAssuredApi.ApiPostTest"/>
  <testcase name="postTest" time="0.108" classname="restAssuredApi.ApiPostTest"/>
  <testcase name="postTest" time="0.08" classname="restAssuredApi.ApiPostTest"/>
  <testcase name="postTest" time="0.082" classname="restAssuredApi.ApiPostTest"/>
  <testcase name="postTest" time="0.078" classname="restAssuredApi.ApiPostTest"/>
  <testcase name="postTest" time="0.091" classname="restAssuredApi.ApiPostTest"/>
  <testcase name="postTest" time="0.086" classname="restAssuredApi.ApiPostTest"/>
  <testcase name="postTest" time="0.081" classname="restAssuredApi.ApiPostTest"/>
  <testcase name="postTest" time="0.09" classname="restAssuredApi.ApiPostTest"/>
  <testcase name="postTest" time="0.088" classname="restAssuredApi.ApiPostTest"/>
  <testcase name="postTest" time="0.085" classname="restAssuredApi.ApiPostTest"/>
  <testcase name="postTest" time="0.087" classname="restAssuredApi.ApiPostTest"/>
  <testcase name="postTest" time="0.09" classname="restAssuredApi.ApiPostTest"/>
  <testcase name="postTest" time="0.095" classname="restAssuredApi.ApiPostTest"/>
  <testcase name="postTest" time="0.092" classname="restAssuredApi.ApiPostTest"/>
  <testcase name="postTest" time="0.084" classname="restAssuredApi.ApiPostTest"/>
  <testcase name="postTest" time="0.08" classname="restAssuredApi.ApiPostTest"/>
  <testcase name="postTest" time="0.088" classname="restAssuredApi.ApiPostTest"/>
  <testcase name="postTest" time="0.08" classname="restAssuredApi.ApiPostTest"/>
  <testcase name="postTest" time="5.818" classname="restAssuredApi.ApiPostTest"/>
  <testcase name="postTest" time="5.705" classname="restAssuredApi.ApiPostTest">
    <failure type="java.lang.AssertionError" message="expected [200] but found [503]">
      <![CDATA[java.lang.AssertionError: expected [200] but found [503]
at restAssuredApi.ApiPostTest.postTest(ApiPostTest.java:39)
... Removed 30 stack frames]]>
    </failure>
  </testcase> <!-- postTest -->
  <testcase name="postTest" time="5.735" classname="restAssuredApi.ApiPostTest">
    <failure type="java.lang.AssertionError" message="expected [200] but found [503]">
      <![CDATA[java.lang.AssertionError: expected [200] but found [503]
at restAssuredApi.ApiPostTest.postTest(ApiPostTest.java:39)
... Removed 30 stack frames]]>
    </failure>
  </testcase> <!-- postTest -->
  <testcase name="postTest" time="0.085" classname="restAssuredApi.ApiPostTest"/>
  <testcase name="postTest" time="0.099" classname="restAssuredApi.ApiPostTest"/>
  <testcase name="postTest" time="0.094" classname="restAssuredApi.ApiPostTest"/>
  <testcase name="postTest" time="0.085" classname="restAssuredApi.ApiPostTest"/>
  <testcase name="postTest" time="0.095" classname="restAssuredApi.ApiPostTest"/>
  <testcase name="postTest" time="0.083" classname="restAssuredApi.ApiPostTest"/>
  <testcase name="postTest" time="0.084" classname="restAssuredApi.ApiPostTest"/>
  <testcase name="postTest" time="5.698" classname="restAssuredApi.ApiPostTest">
    <failure type="java.lang.AssertionError" message="expected [200] but found [503]">
      <![CDATA[java.lang.AssertionError: expected [200] but found [503]
at restAssuredApi.ApiPostTest.postTest(ApiPostTest.java:39)
... Removed 30 stack frames]]>
    </failure>
  </testcase> <!-- postTest -->
  <testcase name="postTest" time="0.084" classname="restAssuredApi.ApiPostTest"/>
  <testcase name="postTest" time="0.081" classname="restAssuredApi.ApiPostTest"/>
  <testcase name="postTest" time="0.091" classname="restAssuredApi.ApiPostTest"/>
  <testcase name="postTest" time="0.087" classname="restAssuredApi.ApiPostTest"/>
  <testcase name="postTest" time="0.088" classname="restAssuredApi.ApiPostTest"/>
  <testcase name="postTest" time="0.099" classname="restAssuredApi.ApiPostTest"/>
  <testcase name="postTest" time="0.092" classname="restAssuredApi.ApiPostTest"/>
  <testcase name="postTest" time="0.086" classname="restAssuredApi.ApiPostTest"/>
  <testcase name="postTest" time="0.086" classname="restAssuredApi.ApiPostTest"/>
  <testcase name="postTest" time="0.098" classname="restAssuredApi.ApiPostTest"/>
  <testcase name="postTest" time="0.089" classname="restAssuredApi.ApiPostTest"/>
  <testcase name="postTest" time="0.086" classname="restAssuredApi.ApiPostTest"/>
  <testcase name="postTest" time="0.094" classname="restAssuredApi.ApiPostTest"/>
  <testcase name="postTest" time="0.099" classname="restAssuredApi.ApiPostTest"/>
  <testcase name="postTest" time="0.097" classname="restAssuredApi.ApiPostTest"/>
  <testcase name="postTest" time="0.082" classname="restAssuredApi.ApiPostTest"/>
  <testcase name="postTest" time="0.091" classname="restAssuredApi.ApiPostTest"/>
  <testcase name="postTest" time="0.086" classname="restAssuredApi.ApiPostTest"/>
  <testcase name="postTest" time="0.075" classname="restAssuredApi.ApiPostTest"/>
  <testcase name="postTest" time="0.092" classname="restAssuredApi.ApiPostTest"/>
  <testcase name="postTest" time="0.097" classname="restAssuredApi.ApiPostTest"/>
  <testcase name="postTest" time="0.089" classname="restAssuredApi.ApiPostTest"/>
  <testcase name="postTest" time="0.092" classname="restAssuredApi.ApiPostTest"/>
  <testcase name="postTest" time="0.09" classname="restAssuredApi.ApiPostTest"/>
  <testcase name="postTest" time="0.085" classname="restAssuredApi.ApiPostTest"/>
  <testcase name="postTest" time="5.753" classname="restAssuredApi.ApiPostTest"/>
  <testcase name="postTest" time="0.092" classname="restAssuredApi.ApiPostTest"/>
  <testcase name="postTest" time="0.079" classname="restAssuredApi.ApiPostTest"/>
  <testcase name="postTest" time="0.088" classname="restAssuredApi.ApiPostTest"/>
  <testcase name="postTest" time="5.711" classname="restAssuredApi.ApiPostTest">
    <failure type="java.lang.AssertionError" message="expected [200] but found [503]">
      <![CDATA[java.lang.AssertionError: expected [200] but found [503]
at restAssuredApi.ApiPostTest.postTest(ApiPostTest.java:39)
... Removed 30 stack frames]]>
    </failure>
  </testcase> <!-- postTest -->
  <testcase name="postTest" time="0.079" classname="restAssuredApi.ApiPostTest"/>
  <testcase name="postTest" time="0.097" classname="restAssuredApi.ApiPostTest"/>
  <testcase name="postTest" time="0.089" classname="restAssuredApi.ApiPostTest"/>
  <testcase name="postTest" time="5.716" classname="restAssuredApi.ApiPostTest">
    <failure type="java.lang.AssertionError" message="expected [200] but found [503]">
      <![CDATA[java.lang.AssertionError: expected [200] but found [503]
at restAssuredApi.ApiPostTest.postTest(ApiPostTest.java:39)
... Removed 30 stack frames]]>
    </failure>
  </testcase> <!-- postTest -->
  <testcase name="postTest" time="0.117" classname="restAssuredApi.ApiPostTest"/>
  <testcase name="postTest" time="0.086" classname="restAssuredApi.ApiPostTest"/>
  <testcase name="postTest" time="0.092" classname="restAssuredApi.ApiPostTest"/>
  <testcase name="postTest" time="0.088" classname="restAssuredApi.ApiPostTest"/>
  <testcase name="postTest" time="0.076" classname="restAssuredApi.ApiPostTest"/>
  <testcase name="postTest" time="0.09" classname="restAssuredApi.ApiPostTest"/>
  <testcase name="postTest" time="0.097" classname="restAssuredApi.ApiPostTest"/>
  <testcase name="postTest" time="0.088" classname="restAssuredApi.ApiPostTest"/>
  <testcase name="postTest" time="0.094" classname="restAssuredApi.ApiPostTest"/>
  <testcase name="postTest" time="0.09" classname="restAssuredApi.ApiPostTest"/>
  <testcase name="postTest" time="5.717" classname="restAssuredApi.ApiPostTest">
    <failure type="java.lang.AssertionError" message="expected [200] but found [503]">
      <![CDATA[java.lang.AssertionError: expected [200] but found [503]
at restAssuredApi.ApiPostTest.postTest(ApiPostTest.java:39)
... Removed 30 stack frames]]>
    </failure>
  </testcase> <!-- postTest -->
  <testcase name="postTest" time="0.095" classname="restAssuredApi.ApiPostTest"/>
  <testcase name="postTest" time="0.127" classname="restAssuredApi.ApiPostTest"/>
  <testcase name="postTest" time="0.09" classname="restAssuredApi.ApiPostTest"/>
  <testcase name="postTest" time="0.089" classname="restAssuredApi.ApiPostTest"/>
  <testcase name="postTest" time="0.096" classname="restAssuredApi.ApiPostTest"/>
  <testcase name="postTest" time="0.092" classname="restAssuredApi.ApiPostTest"/>
  <testcase name="postTest" time="0.083" classname="restAssuredApi.ApiPostTest"/>
  <testcase name="postTest" time="0.082" classname="restAssuredApi.ApiPostTest"/>
  <testcase name="postTest" time="0.079" classname="restAssuredApi.ApiPostTest"/>
  <testcase name="postTest" time="0.083" classname="restAssuredApi.ApiPostTest"/>
  <testcase name="postTest" time="0.082" classname="restAssuredApi.ApiPostTest"/>
  <testcase name="postTest" time="0.095" classname="restAssuredApi.ApiPostTest"/>
</testsuite> <!-- Test1 -->
